# JRE version: Java(TM) SE Runtime Environment (8.0_144-b01) (build 1.8.0_144-b01)
# Java VM: Java HotSpot(TM) 64-Bit Server VM (25.144-b01 mixed mode windows-amd64 compressed oops)
Heap:
 PSYoungGen      total 917504K, used 181626K [0x00000000c0000000, 0x0000000100000000, 0x0000000100000000)
  eden space 786432K, 19% used [0x00000000c0000000,0x00000000c952eff8,0x00000000f0000000)
  from space 131072K, 22% used [0x00000000f0000000,0x00000000f1c2f8b0,0x00000000f8000000)
  to   space 131072K, 0% used [0x00000000f8000000,0x00000000f8000000,0x0000000100000000)
 ParOldGen       total 1048576K, used 176K [0x0000000080000000, 0x00000000c0000000, 0x00000000c0000000)
  object space 1048576K, 0% used [0x0000000080000000,0x000000008002c010,0x00000000c0000000)
 Metaspace       used 61471K, capacity 65056K, committed 65152K, reserved 1105920K
  class space    used 8118K, capacity 8761K, committed 8832K, reserved 1048576K
GC Heap History (6 events):
Event: 5.288 GC heap before
{Heap before GC invocations=1 (full 0):
 PSYoungGen      total 917504K, used 786432K [0x00000000c0000000, 0x0000000100000000, 0x0000000100000000)
  eden space 786432K, 100% used [0x00000000c0000000,0x00000000f0000000,0x00000000f0000000)
  from space 131072K, 0% used [0x00000000f8000000,0x00000000f8000000,0x0000000100000000)
  to   space 131072K, 0% used [0x00000000f0000000,0x00000000f0000000,0x00000000f8000000)
 ParOldGen       total 1048576K, used 0K [0x0000000080000000, 0x00000000c0000000, 0x00000000c0000000)
  object space 1048576K, 0% used [0x0000000080000000,0x0000000080000000,0x00000000c0000000)
 Metaspace       used 28207K, capacity 29282K, committed 29440K, reserved 1075200K
  class space    used 3591K, capacity 3819K, committed 3840K, reserved 1048576K
Event: 5.300 GC heap after
Heap after GC invocations=1 (full 0):
 PSYoungGen      total 917504K, used 10145K [0x00000000c0000000, 0x0000000100000000, 0x0000000100000000)
  eden space 786432K, 0% used [0x00000000c0000000,0x00000000c0000000,0x00000000f0000000)
  from space 131072K, 7% used [0x00000000f0000000,0x00000000f09e8670,0x00000000f8000000)
  to   space 131072K, 0% used [0x00000000f8000000,0x00000000f8000000,0x0000000100000000)
 ParOldGen       total 1048576K, used 104K [0x0000000080000000, 0x00000000c0000000, 0x00000000c0000000)
  object space 1048576K, 0% used [0x0000000080000000,0x000000008001a010,0x00000000c0000000)
 Metaspace       used 28207K, capacity 29282K, committed 29440K, reserved 1075200K
  class space    used 3591K, capacity 3819K, committed 3840K, reserved 1048576K
}
Event: 11.955 GC heap before
{Heap before GC invocations=2 (full 0):
 PSYoungGen      total 917504K, used 796577K [0x00000000c0000000, 0x0000000100000000, 0x0000000100000000)
  eden space 786432K, 100% used [0x00000000c0000000,0x00000000f0000000,0x00000000f0000000)
  from space 131072K, 7% used [0x00000000f0000000,0x00000000f09e8670,0x00000000f8000000)
  to   space 131072K, 0% used [0x00000000f8000000,0x00000000f8000000,0x0000000100000000)
 ParOldGen       total 1048576K, used 104K [0x0000000080000000, 0x00000000c0000000, 0x00000000c0000000)
  object space 1048576K, 0% used [0x0000000080000000,0x000000008001a010,0x00000000c0000000)
 Metaspace       used 42289K, capacity 44044K, committed 44416K, reserved 1087488K
  class space    used 5554K, capacity 5894K, committed 6016K, reserved 1048576K
Event: 11.975 GC heap after
Heap after GC invocations=2 (full 0):
 PSYoungGen      total 917504K, used 23609K [0x00000000c0000000, 0x0000000100000000, 0x0000000100000000)
  eden space 786432K, 0% used [0x00000000c0000000,0x00000000c0000000,0x00000000f0000000)
  from space 131072K, 18% used [0x00000000f8000000,0x00000000f970e7f0,0x0000000100000000)
  to   space 131072K, 0% used [0x00000000f0000000,0x00000000f0000000,0x00000000f8000000)
 ParOldGen       total 1048576K, used 136K [0x0000000080000000, 0x00000000c0000000, 0x00000000c0000000)
  object space 1048576K, 0% used [0x0000000080000000,0x0000000080022010,0x00000000c0000000)
 Metaspace       used 42289K, capacity 44044K, committed 44416K, reserved 1087488K
  class space    used 5554K, capacity 5894K, committed 6016K, reserved 1048576K
}
Event: 648.974 GC heap before
{Heap before GC invocations=3 (full 0):
 PSYoungGen      total 917504K, used 810041K [0x00000000c0000000, 0x0000000100000000, 0x0000000100000000)
  eden space 786432K, 100% used [0x00000000c0000000,0x00000000f0000000,0x00000000f0000000)
  from space 131072K, 18% used [0x00000000f8000000,0x00000000f970e7f0,0x0000000100000000)
  to   space 131072K, 0% used [0x00000000f0000000,0x00000000f0000000,0x00000000f8000000)
 ParOldGen       total 1048576K, used 136K [0x0000000080000000, 0x00000000c0000000, 0x00000000c0000000)
  object space 1048576K, 0% used [0x0000000080000000,0x0000000080022010,0x00000000c0000000)
 Metaspace       used 60135K, capacity 63494K, committed 63616K, reserved 1103872K
  class space    used 7948K, capacity 8548K, committed 8576K, reserved 1048576K
Event: 649.443 GC heap after
Heap after GC invocations=3 (full 0):
 PSYoungGen      total 917504K, used 28862K [0x00000000c0000000, 0x0000000100000000, 0x0000000100000000)
  eden space 786432K, 0% used [0x00000000c0000000,0x00000000c0000000,0x00000000f0000000)
  from space 131072K, 22% used [0x00000000f0000000,0x00000000f1c2f8b0,0x00000000f8000000)
  to   space 131072K, 0% used [0x00000000f8000000,0x00000000f8000000,0x0000000100000000)
 ParOldGen       total 1048576K, used 176K [0x0000000080000000, 0x00000000c0000000, 0x00000000c0000000)
  object space 1048576K, 0% used [0x0000000080000000,0x000000008002c010,0x00000000c0000000)
 Metaspace       used 60135K, capacity 63494K, committed 63616K, reserved 1103872K
  class space    used 7948K, capacity 8548K, committed 8576K, reserved 1048576K
}

