# JRE version: Java(TM) SE Runtime Environment (8.0_144-b01) (build 1.8.0_144-b01)
# Java VM: Java HotSpot(TM) 64-Bit Server VM (25.144-b01 mixed mode windows-amd64 compressed oops)
Heap:
 PSYoungGen      total 917504K, used 591418K [0x00000000c0000000, 0x0000000100000000, 0x0000000100000000)
  eden space 786432K, 72% used [0x00000000c0000000,0x00000000e2a522a0,0x00000000f0000000)
  from space 131072K, 18% used [0x00000000f8000000,0x00000000f973c7f0,0x0000000100000000)
  to   space 131072K, 0% used [0x00000000f0000000,0x00000000f0000000,0x00000000f8000000)
 ParOldGen       total 1048576K, used 128K [0x0000000080000000, 0x00000000c0000000, 0x00000000c0000000)
  object space 1048576K, 0% used [0x0000000080000000,0x0000000080020010,0x00000000c0000000)
 Metaspace       used 54988K, capacity 57892K, committed 58112K, reserved 1099776K
  class space    used 7143K, capacity 7651K, committed 7680K, reserved 1048576K
GC Heap History (4 events):
Event: 5.786 GC heap before
{Heap before GC invocations=1 (full 0):
 PSYoungGen      total 917504K, used 786432K [0x00000000c0000000, 0x0000000100000000, 0x0000000100000000)
  eden space 786432K, 100% used [0x00000000c0000000,0x00000000f0000000,0x00000000f0000000)
  from space 131072K, 0% used [0x00000000f8000000,0x00000000f8000000,0x0000000100000000)
  to   space 131072K, 0% used [0x00000000f0000000,0x00000000f0000000,0x00000000f8000000)
 ParOldGen       total 1048576K, used 0K [0x0000000080000000, 0x00000000c0000000, 0x00000000c0000000)
  object space 1048576K, 0% used [0x0000000080000000,0x0000000080000000,0x00000000c0000000)
 Metaspace       used 29029K, capacity 30170K, committed 30336K, reserved 1075200K
  class space    used 3672K, capacity 3929K, committed 3968K, reserved 1048576K
Event: 5.796 GC heap after
Heap after GC invocations=1 (full 0):
 PSYoungGen      total 917504K, used 10718K [0x00000000c0000000, 0x0000000100000000, 0x0000000100000000)
  eden space 786432K, 0% used [0x00000000c0000000,0x00000000c0000000,0x00000000f0000000)
  from space 131072K, 8% used [0x00000000f0000000,0x00000000f0a77a18,0x00000000f8000000)
  to   space 131072K, 0% used [0x00000000f8000000,0x00000000f8000000,0x0000000100000000)
 ParOldGen       total 1048576K, used 96K [0x0000000080000000, 0x00000000c0000000, 0x00000000c0000000)
  object space 1048576K, 0% used [0x0000000080000000,0x0000000080018010,0x00000000c0000000)
 Metaspace       used 29029K, capacity 30170K, committed 30336K, reserved 1075200K
  class space    used 3672K, capacity 3929K, committed 3968K, reserved 1048576K
}
Event: 12.397 GC heap before
{Heap before GC invocations=2 (full 0):
 PSYoungGen      total 917504K, used 797150K [0x00000000c0000000, 0x0000000100000000, 0x0000000100000000)
  eden space 786432K, 100% used [0x00000000c0000000,0x00000000f0000000,0x00000000f0000000)
  from space 131072K, 8% used [0x00000000f0000000,0x00000000f0a77a18,0x00000000f8000000)
  to   space 131072K, 0% used [0x00000000f8000000,0x00000000f8000000,0x0000000100000000)
 ParOldGen       total 1048576K, used 96K [0x0000000080000000, 0x00000000c0000000, 0x00000000c0000000)
  object space 1048576K, 0% used [0x0000000080000000,0x0000000080018010,0x00000000c0000000)
 Metaspace       used 43213K, capacity 44952K, committed 45184K, reserved 1089536K
  class space    used 5644K, capacity 5960K, committed 6016K, reserved 1048576K
Event: 12.416 GC heap after
Heap after GC invocations=2 (full 0):
 PSYoungGen      total 917504K, used 23793K [0x00000000c0000000, 0x0000000100000000, 0x0000000100000000)
  eden space 786432K, 0% used [0x00000000c0000000,0x00000000c0000000,0x00000000f0000000)
  from space 131072K, 18% used [0x00000000f8000000,0x00000000f973c7f0,0x0000000100000000)
  to   space 131072K, 0% used [0x00000000f0000000,0x00000000f0000000,0x00000000f8000000)
 ParOldGen       total 1048576K, used 128K [0x0000000080000000, 0x00000000c0000000, 0x00000000c0000000)
  object space 1048576K, 0% used [0x0000000080000000,0x0000000080020010,0x00000000c0000000)
 Metaspace       used 43213K, capacity 44952K, committed 45184K, reserved 1089536K
  class space    used 5644K, capacity 5960K, committed 6016K, reserved 1048576K
}

